[2024-02-04 14:45:14.510] [modengine] [info] Attempting to load global config at C:\Users\benyo\Desktop\Development\LegacyDs3Workspace\work\modengine2\config.toml
[2024-02-04 14:45:14.510] [modengine] [info] Attempting to load mod settings config at C:\Users\benyo\Desktop\Development\LegacyDs3Workspace\work\config_darksouls3.toml
[2024-02-04 14:45:14.514] [modengine] [info] Local config loaded
[2024-02-04 14:45:14.514] [modengine] [info] ModEngine version 2.1.0-0924ab36f1311bf84e7e626740b4bf2c0d54909a initializing for Dark Souls 3
[2024-02-04 14:45:14.514] [modengine] [info] Local settings loaded: true, Global settings loaded: false
[2024-02-04 14:45:14.515] [modengine] [info] Main thread ID: 7008
[2024-02-04 14:45:14.516] [modengine] [info] Enabling extension base
[2024-02-04 14:45:14.516] [modengine] [info] Enabled extension base
[2024-02-04 14:45:14.516] [modengine] [info] Enabling extension mod_loader
[2024-02-04 14:45:14.516] [modengine] [info] Installing mod location legacyds3mod
[2024-02-04 14:45:14.516] [modengine] [info] Resolved mod path to C:\Users\benyo\Desktop\Development\LegacyDs3Workspace\work\legacyds3mod
[2024-02-04 14:45:14.516] [modengine] [info] Enabled extension mod_loader
[2024-02-04 14:45:14.516] [modengine] [info] Enabling extension scylla_hide
[2024-02-04 14:45:14.516] [modengine] [info] Found valid ScyllaHide injector. Injecting into game.
[2024-02-04 14:45:14.516] [modengine] [info] Starting ScyllaHide injector: C:\Users\benyo\Desktop\Development\LegacyDs3Workspace\work\modengine2\tools\scyllahide\InjectorCLIx64.exe pid:5612 ./HookLibraryx64.dll nowait
[2024-02-04 14:45:15.319] [modengine] [info] Launched Scyllahide process.
[2024-02-04 14:45:15.585] [modengine] [info] ScyllaHide successfully injected
[2024-02-04 14:45:15.586] [modengine] [info] Enabled extension scylla_hide
[2024-02-04 14:45:15.656] [modengine] [info] Applied 3 hooks
[2024-02-04 14:45:15.657] [modengine] [info] Starting worker thread
